[2026-05-11 17:12:36] [WARNING] Checkpoint cleared (--reset)
[2026-05-11 17:12:36] [INFO] ============================================================
[2026-05-11 17:12:36] [INFO] Optimized QC Runner
[2026-05-11 17:12:36] [INFO]   Tables          : 9  |  Table workers  : 4
[2026-05-11 17:12:36] [INFO]   Col workers     : 8  |  Batch size     : 50,000
[2026-05-11 17:12:36] [INFO]   Large threshold : 1,000,000 rows  → server-side path
[2026-05-11 17:12:36] [INFO]   Output          : exports/qc_opt_20260511_171236.csv
[2026-05-11 17:12:36] [INFO] ============================================================
[2026-05-11 17:12:37] [INFO] DB connection OK
[2026-05-11 17:12:37] [INFO] Processing 9 table(s): allergies, diagnosis, encounters, examination, labs, procedures, radiology, ros, vitals
[2026-05-11 17:12:37] [INFO] [allergies] Starting
[2026-05-11 17:12:37] [INFO] [diagnosis] Starting
[2026-05-11 17:12:37] [INFO] [encounters] Starting
[2026-05-11 17:12:37] [INFO] [examination] Starting
[2026-05-11 17:12:39] [INFO] [examination] Server-side path (≈88,082,489 rows ≥ 1,000,000 threshold)
[2026-05-11 17:12:39] [INFO] [encounters] Server-side path (≈207,924,146 rows ≥ 1,000,000 threshold)
[2026-05-11 17:12:39] [INFO] [diagnosis] Server-side path (≈45,895,260 rows ≥ 1,000,000 threshold)
[2026-05-11 17:12:39] [INFO] [allergies] Server-side path (≈8,674,432 rows ≥ 1,000,000 threshold)
[2026-05-11 17:12:41] [INFO] [allergies] Phase 1: COUNT scan (nulls)...
[2026-05-11 17:12:41] [INFO] [diagnosis] Phase 1: COUNT scan (nulls)...
[2026-05-11 17:12:41] [INFO] [encounters] Phase 1: COUNT scan (nulls)...
[2026-05-11 17:12:41] [INFO] [examination] Phase 1: COUNT scan (nulls)...
[2026-05-11 17:12:58] [INFO] [allergies] Phase 2: empty-string scan (17 string cols)...
[2026-05-11 17:13:18] [INFO] [allergies] Base stats done — 8,778,466 rows. Sampling top/bottom (500,000 rows, 8 parallel)...
[2026-05-11 17:13:28] [INFO] [allergies] Done — 8,778,466 rows, 26 columns (50.5s)
[2026-05-11 17:13:28] [INFO] [labs] Starting
[2026-05-11 17:13:30] [INFO] [labs] Server-side path (≈49,669,243 rows ≥ 1,000,000 threshold)
[2026-05-11 17:13:31] [INFO] [labs] Phase 1: COUNT scan (nulls)...
[2026-05-11 17:15:13] [INFO] [examination] Phase 2: empty-string scan (10 string cols)...
[2026-05-11 17:15:45] [INFO] [labs] Phase 2: empty-string scan (35 string cols)...
[2026-05-11 17:17:40] [INFO] [diagnosis] Phase 2: empty-string scan (29 string cols)...
[2026-05-11 17:18:29] [INFO] [examination] Base stats done — 90,180,319 rows. Sampling top/bottom (500,000 rows, 8 parallel)...
[2026-05-11 17:18:37] [INFO] [examination] Done — 90,180,319 rows, 19 columns (359.2s)
[2026-05-11 17:18:37] [INFO] [procedures] Starting
[2026-05-11 17:18:38] [INFO] [procedures] Server-side path (≈41,786,486 rows ≥ 1,000,000 threshold)
[2026-05-11 17:18:40] [INFO] [procedures] Phase 1: COUNT scan (nulls)...
[2026-05-11 17:19:56] [INFO] [labs] Base stats done — 51,862,407 rows. Sampling top/bottom (500,000 rows, 8 parallel)...
[2026-05-11 17:20:13] [INFO] [labs] Done — 51,862,407 rows, 49 columns (405.1s)
[2026-05-11 17:20:13] [INFO] [radiology] Starting
[2026-05-11 17:20:15] [INFO] [radiology] Server-side path (≈4,237,508 rows ≥ 1,000,000 threshold)
[2026-05-11 17:20:16] [INFO] [radiology] Phase 1: COUNT scan (nulls)...
[2026-05-11 17:20:34] [INFO] [diagnosis] Base stats done — 47,931,830 rows. Sampling top/bottom (500,000 rows, 8 parallel)...
[2026-05-11 17:20:49] [INFO] [diagnosis] Done — 47,931,830 rows, 40 columns (491.7s)
[2026-05-11 17:20:49] [INFO] [ros] Starting
[2026-05-11 17:20:51] [INFO] [ros] Server-side path (≈97,312,062 rows ≥ 1,000,000 threshold)
[2026-05-11 17:20:52] [INFO] [ros] Phase 1: COUNT scan (nulls)...
[2026-05-11 17:21:03] [INFO] [radiology] Phase 2: empty-string scan (36 string cols)...
[2026-05-11 17:21:21] [INFO] [radiology] Base stats done — 4,435,075 rows. Sampling top/bottom (500,000 rows, 8 parallel)...
[2026-05-11 17:21:38] [INFO] [radiology] Done — 4,435,075 rows, 46 columns (85.2s)
[2026-05-11 17:21:38] [INFO] [vitals] Starting
[2026-05-11 17:21:40] [INFO] [vitals] Server-side path (≈159,757,719 rows ≥ 1,000,000 threshold)
[2026-05-11 17:21:42] [INFO] [vitals] Phase 1: COUNT scan (nulls)...
[2026-05-11 17:22:31] [INFO] [encounters] Phase 2: empty-string scan (30 string cols)...
[2026-05-11 17:23:03] [INFO] [ros] Phase 2: empty-string scan (10 string cols)...
[2026-05-11 17:25:18] [INFO] [vitals] Phase 2: empty-string scan (12 string cols)...
[2026-05-11 17:25:45] [INFO] [ros] Base stats done — 101,903,521 rows. Sampling top/bottom (500,000 rows, 8 parallel)...
[2026-05-11 17:25:53] [INFO] [ros] Done — 101,903,521 rows, 19 columns (303.6s)
[2026-05-11 17:28:20] [INFO] [procedures] Phase 2: empty-string scan (32 string cols)...
[2026-05-11 17:29:30] [INFO] [vitals] Base stats done — 173,803,382 rows. Sampling top/bottom (500,000 rows, 8 parallel)...
[2026-05-11 17:29:38] [INFO] [vitals] Done — 173,803,382 rows, 22 columns (480.2s)
[2026-05-11 17:31:18] [INFO] [procedures] Base stats done — 45,979,641 rows. Sampling top/bottom (500,000 rows, 8 parallel)...
[2026-05-11 17:31:35] [INFO] [procedures] Done — 45,979,641 rows, 43 columns (778.5s)
[2026-05-11 17:33:50] [INFO] [encounters] Base stats done — 212,669,249 rows. Sampling top/bottom (500,000 rows, 8 parallel)...
[2026-05-11 17:34:04] [INFO] [encounters] Done — 212,669,249 rows, 42 columns (1286.2s)
[2026-05-11 17:34:04] [INFO] ============================================================
[2026-05-11 17:34:04] [INFO]   [DONE] allergies                                   8,778,466 rows  (50.5s)
[2026-05-11 17:34:04] [INFO]   [DONE] diagnosis                                  47,931,830 rows  (491.7s)
[2026-05-11 17:34:04] [INFO]   [DONE] encounters                                212,669,249 rows  (1286.2s)
[2026-05-11 17:34:04] [INFO]   [DONE] examination                                90,180,319 rows  (359.2s)
[2026-05-11 17:34:04] [INFO]   [DONE] labs                                       51,862,407 rows  (405.1s)
[2026-05-11 17:34:04] [INFO]   [DONE] procedures                                 45,979,641 rows  (778.5s)
[2026-05-11 17:34:04] [INFO]   [DONE] radiology                                   4,435,075 rows  (85.2s)
[2026-05-11 17:34:04] [INFO]   [DONE] ros                                       101,903,521 rows  (303.6s)
[2026-05-11 17:34:04] [INFO]   [DONE] vitals                                    173,803,382 rows  (480.2s)
[2026-05-11 17:34:04] [INFO] 
  Done: 9  (skipped: 0)  Failed: 0
[2026-05-11 17:34:04] [INFO]   Output: exports/qc_opt_20260511_171236.csv
[2026-05-11 17:34:04] [INFO] ============================================================
