[2026-05-11 17:39:34] [WARNING] Checkpoint cleared (--reset)
[2026-05-11 17:39:34] [INFO] ============================================================
[2026-05-11 17:39:34] [INFO] Optimized QC Runner
[2026-05-11 17:39:34] [INFO]   Tables          : 9  |  Table workers  : 4
[2026-05-11 17:39:34] [INFO]   Col workers     : 8  |  Batch size     : 50,000
[2026-05-11 17:39:34] [INFO]   Large threshold : 1,000,000 rows  → server-side path
[2026-05-11 17:39:34] [INFO]   Output          : exports/qc_opt_20260511_173934.csv
[2026-05-11 17:39:34] [INFO] ============================================================
[2026-05-11 17:39:36] [INFO] DB connection OK
[2026-05-11 17:39:36] [INFO] Processing 9 table(s): allergies, diagnosis, encounters, examination, labs, procedures, radiology, ros, vitals
[2026-05-11 17:39:36] [INFO] [allergies] Starting
[2026-05-11 17:39:36] [INFO] [diagnosis] Starting
[2026-05-11 17:39:36] [INFO] [encounters] Starting
[2026-05-11 17:39:36] [INFO] [examination] Starting
[2026-05-11 17:39:38] [INFO] [diagnosis] Server-side path (≈45,895,260 rows ≥ 1,000,000 threshold)
[2026-05-11 17:39:38] [INFO] [examination] Server-side path (≈88,082,489 rows ≥ 1,000,000 threshold)
[2026-05-11 17:39:38] [INFO] [allergies] Server-side path (≈8,674,432 rows ≥ 1,000,000 threshold)
[2026-05-11 17:39:38] [INFO] [encounters] Server-side path (≈207,924,146 rows ≥ 1,000,000 threshold)
[2026-05-11 17:39:39] [INFO] [diagnosis] Phase 1: COUNT scan (nulls)...
[2026-05-11 17:39:39] [INFO] [examination] Phase 1: COUNT scan (nulls)...
[2026-05-11 17:39:39] [INFO] [allergies] Phase 1: COUNT scan (nulls)...
[2026-05-11 17:39:39] [INFO] [encounters] Phase 1: COUNT scan (nulls)...
[2026-05-11 17:39:52] [INFO] [allergies] Phase 2: empty-string scan (17 string cols)...
[2026-05-11 17:40:12] [INFO] [allergies] Base stats done — 8,778,466 rows. Sampling top/bottom (500,000 rows, 8 parallel)...
[2026-05-11 17:40:24] [INFO] [allergies] Done — 8,778,466 rows, 26 columns (48.0s)
[2026-05-11 17:40:24] [INFO] [labs] Starting
[2026-05-11 17:40:26] [INFO] [labs] Server-side path (≈49,669,243 rows ≥ 1,000,000 threshold)
[2026-05-11 17:40:27] [INFO] [labs] Phase 1: COUNT scan (nulls)...
[2026-05-11 17:41:17] [INFO] [diagnosis] Phase 2: empty-string scan (29 string cols)...
[2026-05-11 17:42:08] [INFO] [examination] Phase 2: empty-string scan (10 string cols)...
[2026-05-11 17:42:26] [INFO] [labs] Phase 2: empty-string scan (35 string cols)...
[2026-05-11 17:44:10] [INFO] [diagnosis] Base stats done — 47,931,830 rows. Sampling top/bottom (500,000 rows, 8 parallel)...
[2026-05-11 17:44:29] [INFO] [diagnosis] Done — 47,931,830 rows, 40 columns (293.4s)
[2026-05-11 17:44:29] [INFO] [procedures] Starting
[2026-05-11 17:44:31] [INFO] [procedures] Server-side path (≈41,786,486 rows ≥ 1,000,000 threshold)
[2026-05-11 17:44:32] [INFO] [procedures] Phase 1: COUNT scan (nulls)...
[2026-05-11 17:45:21] [INFO] [examination] Base stats done — 90,180,319 rows. Sampling top/bottom (500,000 rows, 8 parallel)...
[2026-05-11 17:45:30] [INFO] [examination] Done — 90,180,319 rows, 19 columns (354.2s)
[2026-05-11 17:45:30] [INFO] [radiology] Starting
[2026-05-11 17:45:32] [INFO] [radiology] Server-side path (≈4,237,508 rows ≥ 1,000,000 threshold)
[2026-05-11 17:45:33] [INFO] [radiology] Phase 1: COUNT scan (nulls)...
[2026-05-11 17:45:44] [INFO] [radiology] Phase 2: empty-string scan (36 string cols)...
[2026-05-11 17:46:02] [INFO] [radiology] Base stats done — 4,435,075 rows. Sampling top/bottom (500,000 rows, 8 parallel)...
[2026-05-11 17:46:16] [INFO] [procedures] Phase 2: empty-string scan (32 string cols)...
[2026-05-11 17:46:25] [INFO] [radiology] Done — 4,435,075 rows, 46 columns (54.6s)
[2026-05-11 17:46:25] [INFO] [ros] Starting
[2026-05-11 17:46:27] [INFO] [ros] Server-side path (≈97,312,062 rows ≥ 1,000,000 threshold)
[2026-05-11 17:46:28] [INFO] [ros] Phase 1: COUNT scan (nulls)...
[2026-05-11 17:46:37] [INFO] [labs] Base stats done — 51,862,407 rows. Sampling top/bottom (500,000 rows, 8 parallel)...
[2026-05-11 17:46:42] [INFO] [encounters] Phase 2: empty-string scan (30 string cols)...
[2026-05-11 17:46:58] [INFO] [labs] Done — 51,862,407 rows, 49 columns (393.9s)
[2026-05-11 17:46:58] [INFO] [vitals] Starting
[2026-05-11 17:47:00] [INFO] [vitals] Server-side path (≈159,757,719 rows ≥ 1,000,000 threshold)
[2026-05-11 17:47:01] [INFO] [vitals] Phase 1: COUNT scan (nulls)...
[2026-05-11 17:48:37] [INFO] [ros] Phase 2: empty-string scan (10 string cols)...
[2026-05-11 17:49:14] [INFO] [procedures] Base stats done — 45,979,641 rows. Sampling top/bottom (500,000 rows, 8 parallel)...
[2026-05-11 17:49:36] [INFO] [procedures] Done — 45,979,641 rows, 43 columns (307.0s)
[2026-05-11 17:49:48] [INFO] [vitals] Phase 2: empty-string scan (12 string cols)...
[2026-05-11 17:51:25] [INFO] [ros] Base stats done — 101,903,521 rows. Sampling top/bottom (500,000 rows, 8 parallel)...
[2026-05-11 17:51:36] [INFO] [ros] Done — 101,903,521 rows, 19 columns (311.1s)
[2026-05-11 18:02:29] [INFO] [encounters] Base stats done — 212,669,249 rows. Sampling top/bottom (500,000 rows, 8 parallel)...
[2026-05-11 18:02:33] [INFO] [vitals] Base stats done — 173,803,382 rows. Sampling top/bottom (500,000 rows, 8 parallel)...
[2026-05-11 18:02:42] [INFO] [vitals] Done — 173,803,382 rows, 22 columns (944.7s)
[2026-05-11 18:02:47] [INFO] [encounters] Done — 212,669,249 rows, 42 columns (1391.1s)
[2026-05-11 18:02:47] [INFO] ============================================================
[2026-05-11 18:02:47] [INFO]   [DONE] allergies                                   8,778,466 rows  (48.0s)
[2026-05-11 18:02:47] [INFO]   [DONE] diagnosis                                  47,931,830 rows  (293.4s)
[2026-05-11 18:02:47] [INFO]   [DONE] encounters                                212,669,249 rows  (1391.1s)
[2026-05-11 18:02:47] [INFO]   [DONE] examination                                90,180,319 rows  (354.2s)
[2026-05-11 18:02:47] [INFO]   [DONE] labs                                       51,862,407 rows  (393.9s)
[2026-05-11 18:02:47] [INFO]   [DONE] procedures                                 45,979,641 rows  (307.0s)
[2026-05-11 18:02:47] [INFO]   [DONE] radiology                                   4,435,075 rows  (54.6s)
[2026-05-11 18:02:47] [INFO]   [DONE] ros                                       101,903,521 rows  (311.1s)
[2026-05-11 18:02:47] [INFO]   [DONE] vitals                                    173,803,382 rows  (944.7s)
[2026-05-11 18:02:47] [INFO] 
  Done: 9  (skipped: 0)  Failed: 0
[2026-05-11 18:02:47] [INFO]   Output: exports/qc_opt_20260511_173934.csv
[2026-05-11 18:02:47] [INFO] ============================================================
